[    0.000000] Initializing cgroup subsys cpuset
[    0.000000] Initializing cgroup subsys cpu
[    0.000000] Initializing cgroup subsys cpuacct
[    0.000000] Linux version 4.4.0-130-geeric (buildd@lgw01-amd64-039) (gcc version 5.4.0 20160609 (Ubuntu 5.4.0-6ubuntu1~1.04.9) ) #156-Ubuntu SMP Thu Jun 14 08:53:28 UTC 2018 (Ubuntu 4.4.0-130.156-generic 4.4.134)
[    0.000000] Command line: BOOT_IMAGE=/ot/vmlinuz-4.4.0-130-generic root=LABEL=cloudig-rootfs ro console=tty1 console=ttyS0
[    0.000000] KERNEL supported cpus:
[    0.000000]   Intel GenuineIntel
[    0.00000   AMD AuthenticAMD
[     0.000000]   Centaur CentaurHauls
[    0.000000] x86/fpu: xstate_offset[2]:  576, xstate_sizes[2]:  256
[    0.000000] x86/fpu: Supporting XSAVE feature 0x01: 'x87 floating point registers'
[    0.000000] x86/fpu: Supporting XSAVE feature 0x02: 'SSE registers'
[    0.00000] x86/pu: Supporting XSAVE feature 0x04: 'AVX registers'
[    0.000000]x86/fpu: Enabled xstae features 0x7, contet size is 832 bytes, using 'standard' format.
[    0.000000] x86/fpu: Using 'eager FPU context switches.
[   0.000000 e820: BIOS-provided physical RAM mp:
[    0.000000] BIOS-e820: [mem 0x0000000000000000-0x000000000009fbff] usable
[    0.00000] BIOS-e820: [mem x000000000009fc00-0x000000000009ffff] reserved
[    0.000000] BIOS-e820: [mem 0x00000000000f0000-0x00000000000fffff] reserved
[    0.000000] BIOS-e820: [mem 0x0000000000100000-0x000000003ffeffff] usable
[    0.000000] BIOS-e820: [mem 0x000000003fff0000-0x000000003fffffff] ACPI data
[    0.000000] BIOS-e820: [mem 0x00000000fec00000-0x00000000fec00fff] reserved
[    0.000000] BIOS-e820: [mem 0x00000000fee00000-0x00000000fee00fff] reserved
[    0.000000] BIOS-e820: [mem 0x00000000fffc0000-0x00000000ffffffff] reserved
[    0.00000] NX (Exeute Disable) protetion: active
[    0.00000 SMBIOS 2.5 present.
[    0.000000] Hypervisor detected: KVM
[    0.000000] e820: last_pfn = 0x3fff0 max_arch_pfn = 0x400000000
[    0.000000] MTRR: Disabled
[    0.000000] x86/PAT: TRRs disabled, kipping PAT initialization too.
[    0.000000] CPU MTRRs all blank - vrtualized system.
[    0.000000] x86/PAT: Configuration [0-]: WB WT  UC- UC  WB  WT  UC- UC  
[    0.000000] found SMP MP-table at [em 0x0009fff0-0x0009ffff] mapped at [ffff88000009fff0]
[    0.000000] Scanning 1 areas for low memory corruption
[    0.000000] RAMDISK: [mem 0x36aa4000-0x37549fff]
[    0.000000 ACPI: Early table checksum rification disabled
[    0.000000] ACPI: RSDP 0x00000000000E0000 00024 (v02 VBOX  )
[    0.000000] ACPI: XSDT 0x000000003FFF0030 00003C (v01 VBOX   VBOXXSDT 00000001 ASL  00000061)
[    0.000000]ACPI: FACP 0x000000003FFF00F0 0000F4 (v04 VBOX   VBOXFACP 00000001 ASL  00000061)
[    0.000000] ACPI: DSDT 0x000000003FFF0470 0021FF (v02 VBOX   VBOXBIOS 00000002 INTL 20100528)
[    0.000000] ACPI: FACS 0x000000003FFF0200 000040
[    0.000000] ACPI: FACS 0x000000003FFF0200 000040
[    0.000000] ACPI: APIC 0x000000003FFF0240 00005C (v02 VBOX   VBOXAPIC 00000001 ASL  00000061)
[    0.000000] ACPI: SSDT 0x000000003FFF02A0 0001CC (v01 VBOX   VBOXCPUT 00000002 INTL 20100528)
[    0.000000] No NUMA configuration found
[    0.000000] Faking a node at [mem 0x0000000000000000-0x000000003ffeffff]
[    0.00000] ODE_DATA(0) allocated [mem 0x3ffeb000-0x3ffeffff
[    0.00000] kvm-clock: Using msrs 4b564d01 and 4b564d00
[    0.000000] kvm-cloc: cpu0, msr 0:3ffe3001, primary cpu clock
[    0.000000] kvm-clock: using sched offset of 3643687260 cycles
[    0.000000] clocksource: kvm-clock: mask: 0xffffffffffffffff max_cycles: 0x1cd42e4dffb, max_idle_ns: 881590591483 ns
[    0.000000] Zone ranges:
[    00000000]   DMA      [mem 0x0000000000001000-0x0000000000ffffff]
[    .000000]   DMA32    [mem 0x0000000001000000-0x000000003ffeffff]
[    0.000000]   Normal  empty
[    0.000000]   Device   empty
[    0.000000] Movable zone start for each node
[    0.000000] Early memory node ranges
[    .00000]   node   0: [mem 0x0000000000001000-0x000000000009efff]
[    0.000000]   node   0: [mem 0x0000000000100000-0x000000003ffeffff]
[    0.000000] Initmem setup node 0 [mem 0x0000000000001000-0x000000003ffeffff]
[    0.000000] ACPI: PM-Timer IO Port: 0x4008
[    0.000000] IOAPIC[0]: apic_id 2, ersion 32, address 0xfec00000, GSI 0-23
    0.000000] ACPI: IT_SRC_OVR ((bus 0 bus_irq 0 global_irq 2 dfl dfl)
[    0.000000] CPI: INT_SRC_OVR (bus 0 bus_irq 9 gobal_irq 9 low level)
[    0.000000] Using ACPI (MADT) for SMP configuration information
[    0.00000] smpboot: Allwing 2 CPUs,  hotplug CPUs
[    0.000000] PM: Registered nosave memory: [mem 0x00000000-0x00000fff]
[    0.000000] PM: Registered nosave memory: [mem 0x0009f000-0x0009ffff]
[     0.000000] PM: Registered nosave memory: [mem 0x000a0000-0x000effff]
[    0.000000] PM: Registered nosave memory: [mem 0x000f0000-0x000fffff]
[    0.000000] e820: [mem 0x40000000-0xfebfffff] available for PCI devices
[    0.000000] Booting paravirtualized kernel on KVM
[    0.000000] clocksource: refined-jiffies: mask: 0xffffffff max_cycles: 0xffffffff, max_idle_ns: 7645519600211568 ns
[    0.000000] setup_percpu: NR_CPUS:512 nr_cpumask_bits:512 nr_cpu_ids:2 nr_node_ids:1
[    0.000000] PERCPU: Embedded 34 pages/cpu @ffff88003fc00000 s99544 r8192 d31528 u1048576
[    0.000000] PV qspinlock hash table entries: 56 (order: 0, 4096 btes)
[    0.000000] Built 1 zonelists in Node order, mobility grouping on.  Total pages: 257912
[    0.000000] Policy zone: DMA32
[    0.000000] Kernel command line: BOOT_IMAGE=/boot/vmlinuz-4.4.0-130-generic root=LABEL=cloudimg-rootfs ro console=tty1 console=ttyS0
[    0.000000] PID hash table entries: 4096 (order: 3, 32768 bytes)
[    0.000000] Memory: 1001612K/1048120K available (8546K kernel code, 1313K rwdata, 4000K rodata, 1516K init, 1316K bss, 46508K reserved, 0K cma-reserved)
[    0.000000] SLUB: HWalign=64, Order=0-3, MinObjects=0, CPUs=2, Nodes=1
[    0.000000] Kernel/User page tables isolation: enabled
[    0.000000] Hierarchical RCU implementation.
[    0.000000] 	Build-time adjustment of leaf fnout to 64.
[    0.000000] 	RCU restricting CPUs from NR_CPUS=512 to nr_cpu_ids=2.
[    0.000000] RCU: Adjusting geometry for rcu_fanout_leaf=64, nr_cpu_ids=2
[    0.000000] NR_IRQS:33024 nr_irqs:440 16
[    0.000000] Console: colour VGA+ 80x25
[    0.00000] conssole [tty1] enabled
[   0.000000] consol [ttyS0] enabled
[    0.000000] tsc: Detected 1599.999 MHz processor
[    1480462] Calibrating delay loop (skipped) preset value.. 3199.99 BogoMIPS (lpj=6399996)
[    1.503386] pid_max: default: 32768 minimum: 301
[    1.505999] ACPI: Core revision 20150930
[    1.508451] ACPI: 2 ACPI AML tables successfully acquired and loaded
[    1.510863] Security Framework initialized
[    1.512232] Yama: becoming mindful.
[    1.513523] AppArmor: AppArmor initialized
[    1.515575] Dentry cache hash table entries: 131072 (order: 8, 1048576 bytes)
[    1.522000] Inode-cache hash table entries: 65536 (order: 7, 524288 bytes)
[    1.529043] Mount-cache hash table entries: 2048 (order: 2, 16384 bytes)
[    1.543424] Mountpoint-cache hash table entries: 2048 (order: 2, 16384 bytes)
[    1.564872] Initializing cgroup subsys io
[    1.566863] Initializing cgroup subsys memory
[    1.568418] Initializing cgroup subsys devices
[    1.570009] Initializing cgroup subsys freezer
[    1.571649] Initializing cgroup subsys net_cls
[    1.573473] Initializing cgroup subsys perf_event
[    1.583915] Initializing cgroup subsys net_prio
[    1.595345] Initializing cgroup subsys hugetlb
[    1.597575] Initializing cgroup subsys pids
[    1.599493] CPU: Physical Processor ID: 0
[    1.600916] CPU: Processor Core ID: 0
[    1.603180] mce: CPU supports 0 MCE banks
[    1.604670] Last level iTLB entries: 4KB 64, 2MB 8, 4MB 8
[    1.607138] Last level dTLB entries: 4KB 64, 2MB 0, 4MB 0, 1GB 4
[    1.609237] Spectre V2 : Mitigation: Full generic retpoline
[    1.611328] Spectre V2 : Speculation control IBPB not-supported IBRS not-supported
[    1.613487] Speculative Store Bypass: Vulnerable
[    1.627801] Freeing SMP alternatives memory: 32K
[    1.645148] ftrace: allocating 32245 entries in 126 pages
[    1.724447] smpboot: APIC(0) Converting physical 0 to logical package 0
[    1.739733] smpboot: Max logical packages: 1
[    1.743649] x2apic enabled
[    1.745230] Switched APIC routing to physical x2apic.
[    1.748503] ..TIMER: vector=0x30 apic1=0 pin1=2 apic2=-1 pin2=-1
[    1.855218] smpboot: CPU0: Intel(R) Core(TM) i5-5250U CPU @ 1.60GHz (family: 0x6, model: 0x3d, stepping: 0x4)
[    1.862422] Performance Events: unsupported p6 CPU model 61 no PMU driver, software events only.
[    1.872004] KVM setup paravirtual spinlock
[    1.876329] x86: Booting SMP configuration:
[    1.878273] .... node  #0, CPUs:      #1
[    1.888867] kvm-clock: cpu 1, msr 0:3ffe3041, secondary cpu clock
[    1.899814] mce: CPU supports 0 MCE banks
[    1.913599] x86: Booted up 1 node, 2 CPUs
[    1.919779] smpboot: Total of 2 processors activated (6399.99 BogoMIPS)
[    1.932585] devtmpfs: initialized
[    1.936792] evm: security.selinux
[    1.938244] evm: security.SMACK64
[    1.940315] evm: security.SMACK64EXEC
[    1.942337] evm: security.SMACK64TRANSMUTE
[    1.944042] evm: security.SMACK64MMAP
[    1.945389] evm: security.ima
[    1.946521] evm: security.capability
[    1.947996] clocksource: jiffies: mask: 0xffffffff max_cycles: 0xffffffff, max_idle_ns: 7645041785100000 ns
[    1.951556] futex hash table entries: 512 (order: 3, 32768 bytes)
[    1.956687] pinctrl core: initialized pinctrl subsystem
[    1.963781] RTC time: 16:40:22, date: 07/23/18
[    1.966141] NET: Registered protocol family 16
[    1.979447] cpuidle: using governor ladder
[    1.992160] cpuidle: using governor menu
[    1.996056] PCCT header not found.
[    2.003794] ACPI: bus type PCI registered
[    2.012453] acpiphp: ACPI Hot Plug PCI Controller Driver version: 0.5
[    2.015119] PCI: Using configuration type 1 for base access
[    2.029858] ACPI: Added _OSI(Module Device)
[    2.032086] ACPI: Added _OSI(Processor Device)
[    2.035392] ACPI: Added _OSI(3.0 _SCP Extensions)
[    2.044955] ACPI: Added _OSI(Processor Aggregator Device)
[    2.052476] ACPI: Executed 1 blocks of module-level executable AML code
[    2.057948] ACPI: Interpreter enabled
[    2.062848] ACPI: (supports S0 S5)
[    2.065558] ACPI: Using IOAPIC for interrupt routing
[    2.074093] PCI: Using host bridge windows from ACPI; if necessary, use "pci=nocrs" and report a bug
[    2.082690] ACPI: PCI Root Bridge [PCI0] (domain 0000 [bus 00-ff])
[    2.088063] acpi PNP0A03:00: _OSC: OS supports [ASPM ClockPM Segments MSI]
[    2.091476] acpi PNP0A03:00: _OSC: not requesting OS control; OS requires [ExtendedConfig ASPM ClockPM MSI]
[    2.095083] acpi PNP0A03:00: fail to add MMCONFIG information, can't access extended PCI configuration space under this bridge.
[    2.114473] PCI host bridge to bus 0000:00
[    2.119020] pci_bus 0000:00: root bus resource [io  0x0000-0x0cf7 window]
[    2.124351] pci_bus 0000:00: root bus resource [io  0x0d00-0xffff window]
[    2.133083] pci_bus 0000:00: root bus resource [mem 0x000a0000-0x000bffff window]
[    2.148825] pci_bus 0000:00: root bus resource [mem 0x40000000-0xfdffffff window]
[    2.153468] pci_bus 0000:00: root bus resource [bus 00-ff]
[    2.163324] pci 0000:00:01.1: legacy IDE quirk: reg 0x10: [io  0x01f0-0x01f7]
[    2.167891] pci 0000:00:01.1: legacy IDE quirk: reg 0x14: [io  0x03f6]
[    2.172403] pci 0000:00:01.1: legacy IDE quirk: reg 0x18: [io  0x0170-0x0177]
[    2.187237] pci 0000:00:01.1: legacy IDE quirk: reg 0x1c: [io  0x0376]
[    2.227540] pci 0000:00:07.0: quirk: [io  0x4000-0x403f] claimed by PIIX4 ACPI
[    2.233617] pci 0000:00:07.0: quirk: [io  0x4100-0x410f] claimed by PIIX4 SMB
[    2.255769] ACPI: PCI Interrupt Link [LNKA] (IRQs 5 9 10 *11)
[    2.259504] ACPI: PCI Interrupt Link [LNKB] (IRQs 5 9 *10 11)
[    2.262634] ACPI: PCI Interrupt Link [LNKC] (IRQs 5 *9 10 11)
[    2.273934] ACPI: PCI Interrupt Link [LNKD] (IRQs 5 9 10 *11)
[    2.279319] ACPI: Enabled 2 GPEs in block 00 to 07
[    2.288812] vgaarb: setting as boot device: PCI:0000:00:02.0
[    2.294589] vgaarb: device added: PCI:0000:00:02.0,decodes=io+mem,owns=io+mem,locks=none
[    2.305933] vgaarb: loaded
[    2.313597] vgaarb: bridge control possible 0000:00:02.0
[    2.329044] SCSI subsystem initialized
[    2.337739] ACPI: bus type USB registered
[    2.343260] usbcore: registered new interface driver usbfs
[    2.360791] usbcore: registered new interface driver hub
[    2.364469] usbcore: registered new device driver usb
[    2.373377] PCI: Using ACPI for IRQ routing
[    2.395794] NetLabel: Initializing
[    2.397496] NetLabel:  domain hash size = 128
[    2.404547] NetLabel:  protocols = UNLABELED CIPSOv4
[    2.406461] NetLabel:  unlabeled traffic allowed by default
[    2.408706] amd_nb: Cannot enumerate AMD northbridges
[    2.411056] clocksource: Switched to clocksource kvm-clock
[    2.427630] AppArmor: AppArmor Filesystem Enabled
[    2.440189] pnp: PnP ACPI init
[    2.446421] pnp: PnP ACPI: found 3 devices
[    2.453974] clocksource: acpi_pm: mask: 0xffffff max_cycles: 0xffffff, max_idle_ns: 2085701024 ns
[    2.459353] NET: Registered protocol family 2
[    2.465312] TCP established hash table entries: 8192 (order: 4, 65536 bytes)
[    2.467967] TCP bind hash table entries: 8192 (order: 5, 131072 bytes)
[    2.471056] TCP: Hash tables configured (established 8192 bind 8192)
[    2.473954] UDP hash table entries: 512 (order: 2, 16384 bytes)
[    2.485026] UDP-Lite hash table entries: 512 (order: 2, 16384 bytes)
[    2.489044] NET: Registered protocol family 1
[    2.492578] pci 0000:00:00.0: Limiting direct PCI/PCI transfers
[    2.495186] pci 0000:00:01.0: Activating ISA DMA hang workarounds
[    2.498057] Unpacking initramfs...
[    4.545568] Freeing initrd memory: 10904K
[    4.548809] RAPL PMU detected, API unit is 2^-32 Joules, 4 fixed counters 10737418240 ms ovfl timer
[    4.552994] hw unit of domain pp0-core 2^-0 Joules
[    4.555132] hw unit of domain package 2^-0 Joules
[    4.557354] hw unit of domain dram 2^-0 Joules
[    4.559447] hw unit of domain pp1-gpu 2^-0 Joules
[    4.575809] platform rtc_cmos: registered platform RTC device (no PNP device found)
[    4.585410] Scanning for low memory corruption every 60 seconds
[    4.589043] audit: initializing netlink subsys (disabled)
[    4.592866] audit: type=2000 audit(1532364028.381:1): initialized
[    4.600484] Initialise system trusted keyring
[    4.604153] HugeTLB registered 2 MB page size, pre-allocated 0 pages
[    4.612452] zbud: loaded
[    4.616649] VFS: Disk quotas dquot_6.6.0
[    4.619535] VFS: Dquot-cache hash table entries: 512 (order 0, 4096 bytes)
[    4.626585] squashfs: version 4.0 (2009/01/31) Phillip Lougher
[    4.632479] fuse init (API version 7.23)
[    4.635891] Key type big_key registered
[    4.638681] Allocating IMA MOK and blacklist keyrings.
[    4.645616] Key type asymmetric registered
[    4.649976] Asymmetric key parser 'x509' registered
[    4.666798] Block layer SCSI generic (bsg) driver version 0.4 loaded (major 249)
[    4.705418] io scheduler noop registered
[    4.707865] io scheduler deadline registered (default)
[    4.712954] io scheduler cfq registered
[    4.716082] pci_hotplug: PCI Hot Plug PCI Core version: 0.5
[    4.729840] pciehp: PCI Express Hot Plug Controller Driver version: 0.4
[    4.732693] ACPI: AC Adapter [AC] (off-line)
[    4.738686] input: Power Button as /devices/LNXSYSTM:00/LNXPWRBN:00/input/input0
[    4.742719] ACPI: Power Button [PWRF]
[    4.755289] input: Sleep Button as /devices/LNXSYSTM:00/LNXSLPBN:00/input/input1
[    4.772859] ACPI: Sleep Button [SLPF]
[    4.790983] GHES: HEST is not enabled!
[    4.792799] ACPI: Battery Slot [BAT0] (battery present)
[    4.799305] Serial: 8250/16550 driver, 32 ports, IRQ sharing enabled
[    4.827201] 00:02: ttyS0 at I/O 0x3f8 (irq = 4, base_baud = 115200) is a 16550A
[    4.854165] Linux agpgart interface v0.103
[    4.859049] loop: module loaded
[    4.866398] scsi host0: ata_piix
[    4.868147] scsi host1: ata_piix
[    4.875065] ata1: PATA max UDMA/33 cmd 0x1f0 ctl 0x3f6 bmdma 0xd000 irq 14
[    4.884246] ata2: PATA max UDMA/33 cmd 0x170 ctl 0x376 bmdma 0xd008 irq 15
[    4.889927] libphy: Fixed MDIO Bus: probed
[    4.891897] tun: Universal TUN/TAP device driver, 1.6
[    4.894387] tun: (C) 1999-2004 Max Krasnyansky <maxk@qualcomm.com>
[    4.897657] PPP generic driver version 2.4.2
[    4.915354] ehci_hcd: USB 2.0 'Enhanced' Host Controller (EHCI) Driver
[    4.918500] ehci-pci: EHCI PCI platform driver
[    4.920595] ehci-platform: EHCI generic platform driver
[    4.929838] ohci_hcd: USB 1.1 'Open' Host Controller (OHCI) Driver
[    4.948124] ohci-pci: OHCI PCI platform driver
[    4.950096] ohci-platform: OHCI generic platform driver
[    4.952370] uhci_hcd: USB Universal Host Controller Interface driver
[    4.955212] i8042: PNP: PS/2 Controller [PNP0303:PS2K,PNP0f03:PS2M] at 0x60,0x64 irq 1,12
[    4.959485] serio: i8042 KBD port at 0x60,0x64 irq 1
[    4.973496] serio: i8042 AUX port at 0x60,0x64 irq 12
[    4.976215] mousedev: PS/2 mouse device common for all mice
[    4.979178] rtc_cmos rtc_cmos: rtc core: registered rtc_cmos as rtc0
[    4.981727] input: AT Translated Set 2 keyboard as /devices/platform/i8042/serio0/input/input2
[    4.985575] rtc_cmos rtc_cmos: alarms up to one day, 114 bytes nvram
[    4.988075] i2c /dev entries driver
[    4.989659] device-mapper: uevent: version 1.0.3
[    4.991839] device-mapper: ioctl: 4.34.0-ioctl (2015-10-28) initialised: dm-devel@redhat.com
[    4.995309] ledtrig-cpu: registered to indicate activity on CPUs
[    4.998912] NET: Registered protocol family 10
[    5.005268] NET: Registered protocol family 17
[    5.008458] Key type dns_resolver registered
[    5.016237] registered taskstats version 1
[    5.024892] Loading compiled-in X.509 certificates
[    5.028082] Loaded X.509 cert 'Build time autogenerated kernel key: b3e0fe4bcd6378c38a2c0a4648abbc1fa5043a22'
[    5.032924] zswap: loaded using pool lzo/zbud
[    5.037590] Key type trusted registered
[    5.042583] Key type encrypted registered
[    5.052416] AppArmor: AppArmor sha1 policy hashing enabled
[    5.056601] ima: No TPM chip found, activating TPM-bypass!
[    5.058651] ima: Allocated hash algorithm: sha1
[    5.064921] evm: HMAC attrs: 0x1
[    5.069448]   Magic number: 10:564:692
[    5.071108] rtc_cmos rtc_cmos: setting system clock to 2018-07-23 16:40:25 UTC (1532364025)
[    5.074963] BIOS EDD facility v0.16 2004-Jun-25, 0 devices found
[    5.085629] EDD information not available.
[    5.097457] Freeing unused kernel memory: 1516K
[    5.119097] Write protecting the kernel read-only data: 14336k
[    5.138264] Freeing unused kernel memory: 1680K
[    5.349191] Freeing unused kernel memory: 96K
Loading, please wait...
starting version 229
[    5.371792] random: systemd-udevd: uninitialized urandom read (16 bytes read, 3 bits of entropy available)
[    5.372111] random: udevadm: uninitialized urandom read (16 bytes read, 3 bits of entropy available)
[    5.372134] random: udevadm: uninitialized urandom read (16 bytes read, 3 bits of entropy available)
[    5.383915] random: udevadm: uninitialized urandom read (16 bytes read, 3 bits of entropy available)
[    5.383965] random: udevadm: uninitialized urandom read (16 bytes read, 3 bits of entropy available)
[    5.384108] random: udevadm: uninitialized urandom read (16 bytes read, 3 bits of entropy available)
[    5.384243] random: udevadm: uninitialized urandom read (16 bytes read, 3 bits of entropy available)
[    5.384300] random: udevadm: uninitialized urandom read (16 bytes read, 3 bits of entropy available)
[    5.384351] random: udevadm: uninitialized urandom read (16 bytes read, 3 bits of entropy available)
[    5.384403] random: udevadm: uninitialized urandom read (16 bytes read, 3 bits of entropy available)
[    5.526005] Fusion MPT base driver 3.04.20
[    5.528297] Copyright (c) 1999-2008 LSI Corporation
[    5.554170] e1000: Intel(R) PRO/1000 Network Driver - version 7.3.21-k8-NAPI
[    5.557767] e1000: Copyright (c) 1999-2006 Intel Corporation.
[    5.579354] tsc: Refined TSC clocksource calibration: 1599.383 MHz
[    5.582256] clocksource: tsc: mask: 0xffffffffffffffff max_cycles: 0x170dde22509, max_idle_ns: 440795248915 ns
[    5.597718] AVX2 version of gcm_enc/dec engaged.
[    5.601828] AES CTR mode by8 optimization enabled
[    5.616737] Fusion MPT SPI Host driver 3.04.20
[    5.831882] input: ImExPS/2 Generic Explorer Mouse as /devices/platform/i8042/serio1/input/input4
[    6.366621] e1000 0000:00:03.0 eth0: (PCI:33MHz:32-bit) 02:c5:fa:e6:4f:6d
[    6.370042] e1000 0000:00:03.0 eth0: Intel(R) PRO/1000 Network Connection
[    6.381460] mptbase: ioc0: Initiating bringup
[    6.660268] ioc0: LSI53C1030 A0: Capabilities={Initiator}
[    7.703420] scsi host2: ioc0: LSI53C1030 A0, FwRev=00000000h, Ports=1, MaxQ=256, IRQ=20
[    8.715303] scsi 2:0:0:0: Direct-Access     VBOX     HARDDISK         1.0  PQ: 0 ANSI: 5
[    9.499676] scsi target2:0:0: Beginning Domain Validation
[    9.508227] scsi target2:0:0: Domain Validation skipping write tests
[    9.520787] scsi target2:0:0: Ending Domain Validation
[    9.535662] scsi target2:0:0: asynchronous
[    9.568831] scsi 2:0:1:0: Direct-Access     VBOX     HARDDISK         1.0  PQ: 0 ANSI: 5
[    9.573083] scsi target2:0:1: Beginning Domain Validation
[    9.584207] scsi target2:0:1: Domain Validation skipping write tests
[    9.593646] scsi target2:0:1: Ending Domain Validation
[    9.596338] scsi target2:0:1: asynchronous
[    9.620140] sd 2:0:0:0: Attached scsi generic sg0 type 0
[    9.623624] sd 2:0:0:0: [sda] 20971520 512-byte logical blocks: (10.7 GB/10.0 GiB)
[    9.628097] sd 2:0:1:0: [sdb] 20480 512-byte logical blocks: (10.5 MB/10.0 MiB)
[    9.632683] sd 2:0:0:0: [sda] Write Protect is off
[    9.635216] sd 2:0:1:0: Attached scsi generic sg1 type 0
[    9.640072] sd 2:0:0:0: [sda] Incomplete mode parameter data
[    9.642662] sd 2:0:0:0: [sda] Assuming drive cache: write through
[    9.646436] sd 2:0:1:0: [sdb] Write Protect is off
[    9.648920] sd 2:0:1:0: [sdb] Incomplete mode parameter data
[    9.651290] sd 2:0:1:0: [sdb] Assuming drive cache: write through
[    9.657262]  sda: sda1
[    9.661465] sd 2:0:1:0: [sdb] Attached SCSI disk
[    9.663932] sd 2:0:0:0: [sda] Attached SCSI disk
[    9.959991] e1000 0000:00:08.0 eth1: (PCI:33MHz:32-bit) 08:00:27:82:67:20
[    9.979164] e1000 0000:00:08.0 eth1: Intel(R) PRO/1000 Network Connection
[    9.986119] e1000 0000:00:03.0 enp0s3: renamed from eth0
[   10.008013] e1000 0000:00:08.0 enp0s8: renamed from eth1
Begin: Loading essential drivers[   11.435742] md: linear personality registered for level -1
 ... [   11.444067] md: multipath personality registered for level -4
[   11.457963] md: raid0 personality registered for level 0
[   11.463455] md: raid1 personality registered for level 1
[   11.535124] raid6: sse2x1   gen()  8294 MB/s
[   11.603268] raid6: sse2x1   xor()  3746 MB/s
[   11.671694] raid6: sse2x2   gen()  5234 MB/s
[   11.747120] raid6: sse2x2   xor()  6812 MB/s
[   11.835526] raid6: sse2x4   gen() 11483 MB/s
[   11.903235] raid6: sse2x4   xor()  8053 MB/s
[   11.979242] raid6: avx2x1   gen() 15496 MB/s
[   12.047326] raid6: avx2x2   gen() 18746 MB/s
[   12.115180] raid6: avx2x4   gen() 21039 MB/s
[   12.124159] raid6: using algorithm avx2x4 gen() 21039 MB/s
[   12.126226] raid6: using avx2x2 recovery algorithm
[   12.131219] xor: automatically using best checksumming function:
[   12.175315]    avx       : 23231.000 MB/sec
[   12.178608] async_tx: api initialized (async)
[   12.201934] md: raid6 personality registered for level 6
[   12.215485] md: raid5 personality registered for level 5
[   12.217836] md: raid4 personality registered for level 4
[   12.230187] md: raid10 personality registered for level 10
done.
Begin: Running /scripts/init-premount ... done.
Begin: Mounting root file system ... Begin: Running /scripts/local-top ... done.
Begin: Running /scripts/local-premount ... [   12.311006] Btrfs loaded
Scanning for Btrfs filesystems
done.
Warning: fsck not present, so skipping root file system
[   12.384397] EXT4-fs (sda1): mounted filesystem with ordered data mode. Opts: (null)
done.
Begin: Running /scripts/local-bottom ... done.
Begin: Running /scripts/init-bottom ... done.
[   12.560751] systemd[1]: systemd 229 running in system mode. (+PAM +AUDIT +SELINUX +IMA +APPARMOR +SMACK +SYSVINIT +UTMP +LIBCRYPTSETUP +GCRYPT +GNUTLS +ACL +XZ -LZ4 +SECCOMP +BLKID +ELFUTILS +KMOD -IDN)
[   12.578730] systemd[1]: Detected virtualization oracle.
[   12.580845] systemd[1]: Detected architecture x86-64.

Welcome to [1mUbuntu 16.04.4 LTS[0m!

[   12.595811] systemd[1]: Set hostname to <ubuntu>.
[   12.606379] systemd[1]: Initializing machine ID from random generator.
[   12.610091] systemd[1]: Installed transient /etc/machine-id file.
[   12.897547] systemd[1]: Listening on udev Kernel Socket.
[[0;32m  OK  [0m] Listening on udev Kernel Socket.
[   12.916304] systemd[1]: Listening on Journal Socket.
[[0;32m  OK  [0m] Listening on Journal Socket.
[   12.928631] systemd[1]: Reached target Swap.
[[0;32m  OK  [0m] Reached target Swap.
[   12.933532] systemd[1]: Created slice System Slice.
[[0;32m  OK  [0m] Created slice System Slice.
[   12.957055] systemd[1]: Starting Load Kernel Modules...
[   12.969087] Loading iSCSI transport class v2.0-870.
         Starting Load Kernel Modules...
[   12.981919] iscsi: registered transport (tcp)
[   12.985574] systemd[1]: Starting Remount Root and Kernel File Systems...
         Starting Remount Root and Kernel File Systems...
[   12.993117] systemd[1]: Started Trigger resolvconf update for networkd DNS.
[[0;32m  OK  [0m] Started Trigger [   12.998802] EXT4-fs (sda1): re-mounted. Opts: (null)
resolvconf update for networkd DNS.
[   13.033764] systemd[1]: Starting Create list of required static device nodes for the current kernel...
         Starting Create list of required st... nodes for the current kernel...
[   13.042674] systemd[1]: Starting Nameserver information manager...
         Starting Nameserver information manager...
[   13.048998] systemd[1]: Reached target System Time Synchronized.
[[0;32m  OK  [0m] Reached target System Time Synchronized.
[   13.055350] systemd[1]: Listening on LVM2 poll daemon socket.
[[0;32m  OK  [0m] Listening on LVM2 poll daemon socket.
[   13.070968] systemd[1]: Listening on Journal Socket (/dev/log).
[[0;32m  OK  [0m] Listening on Journal Socket (/dev/log).
[   13.084136] systemd[1]: Reached target Encrypted Volumes.
[   13.084249] iscsi: registered transport (iser)
[[0;32m  OK  [0m] Reached target Encrypted Volumes.
[   13.108037] systemd[1]: Listeningon Devie-mapper eventdaemon FIFOs.

[[0;32m  OK  [0m] Listening on Device-mapper event daemon FIFOs.
[   13.231811] systemd[1]: Mounting POSIX Message Queue File System...
         Mounting POSIX Message Queue File System...
[   13.247904] systemd[1]: Reached target User and Group Name Lookups.
[[0;32m  OK  [0m] Reached target User and Group Name Lookups.
[   13.345189] systemd[1]: Listening on /dev/initctl Compatibility Named Pipe.
[[0;32m  OK  [0m] Listening on /dev/initctl Compatibility Named Pipe.
[   13.352979] systemd[1]: Listening on LVM2 metadata daemon socket.
[[0;32m  OK  [0m] Listening on LVM2 metadata daemon socket.
[   13.384706] systemd[1]:Set up automoun Arbitrary Executable File Formats File System Automount Point.

[[0;32m  OK  [0m] Set up automount Arbitrary Executab...ats File System Automount Point.
[   13.459682] systemd[1]: Listening on udev Control Socket.
[[0;32m  OK  [0m] Listening on udev Control Socket.
[  13.480570] systemd[1]: Started Forard assword Request to Wall Directory Watch.

[[0;32m  OK  [0m] Started Forward Password Requests to Wall Directory Watch.
[   13.636014] systemd[1]: Mounting Debug File System...
         Mounting Debug File System...
[   13.653987] random: nonblocking pool is initialized
[   13.659798] systemd[1]: Starting Monitoring of LVM2 mirrors, snapshots etc. using dmeventd or progress polling...
         Starting Monitoring of LVM2 mirrors... dmeventd or progress polling...
[   13.686656] systemd[1]: Created slice system-serial\x2dgetty.slice.
[[0;32m  OK  [0m] Created slice system-serial\x2dgetty.slice.
[   13.707916] systemd[1]: Starting Uncomplicated firewall...
         Starting Uncomplicated firewall...
[   13.724972] systemd[1]: Mounting Huge Pages File System...
         Mounting Huge Pages File System...
[   13.731761] systemd[1]: Listening on Syslog Socket.
[[0;32m  OK  [0m] Listening on Syslog Socket.
[   13.771866] systemd[1]: Starting Set console keymap...
         Starting Set console keymap...
[   13.780967] systemd[1]: Created slice User and Session Slice.
[[0;32m  OK  [0m] Created slice User and Session Slice.
[   13.789731] systemd[1]: Reached target Slices.
[[0;32m  OK  [0m] Reached target Slices.
[   13.794252] systemd[1]: Listening on Journal Audit Socket.
[[0;32m  OK  [0m] Listening on Journal Audit Socket.
[   13.800398] systemd[1]: Starting Journal Service...
         Starting Journal Service...
[   13.809461] systemd[1]: Mounted POSIX Message Queue File System.
[[0;32m  OK  [0m] Mounted POSIX Message Queue File System.
[   13.815505] systemd[1]: Mounted Huge Pages File System.
[[0;32m  OK  [0m] Mounted Huge Pages File System.
[   13.821274] systemd[1]: Mounted Debug File System.
[[0;32m  OK  [0m] Mounted Debug File System.
[   13.827398] systemd[1]: Started Journal Service.
[[0;32m  OK  [0m] Started Journal Service.
[[0;32m  OK  [0m] Started Load Kernel Modules.
[[0;32m  OK  [0m] Started Remount Root and Kernel File Systems.
[[0;32m  OK  [0m] Started Create list of required sta...ce nodes for the current kernel.
[[0;32m  OK  [0m] Started Uncomplicated firewall.
[[0;32m  OK  [0m] Started Set console keymap.
[[0;32m  OK  [0m] Started Nameserver information manager.
[[0;32m  OK  [0m] Started LVM2 metadata daemon.
         Starting Create Static Device Nodes in /dev...
         Starting udev Coldplug all Devices...
         Starting Load/Save Random Seed...
         Mounting FUSE Control File System...
         Starting Apply Kernel Variables...
         Starting Flush Journal to Persistent Storage...
[[0;32m  OK  [0m] Mounted FUSE Control File System.
[[0;32m  OK  [0m] Started Monitoring of LVM2 mirrors,...ng dmeventd or progress polling.
[[0;32m  OK  [0m] Started Create Static Device Nodes in /dev.
[[0;32m  OK  [0m] Started Load/Save Random Seed.
[[0;32m  OK  [0m] Started Apply Kernel Variables.
[[0;32m  OK  [0m] Started udev Coldplug all Devices.
[[0;32m  OK  [0m] Started Flush Journal to Persistent Storage.
         Starting udev Kernel Device Manager...
[[0;32m  OK  [0m] Started udev Kernel Device Manager.
[[0;32m  OK  [0m] Started Dispatch Password Requests to Console Directory Watch.
[[0;32m  OK  [0m] Reached target Local File Systems (Pre).
[[0;32m  OK  [0m] Reached target Local File Systems.
         Starting Tell Plymouth To Write Out Runtime Data...
         Starting LSB: AppArmor initialization...
         Starting Initial cloud-init job (pre-networking)...
         Starting Commit a transient machine-id on disk...
         Starting Set console font and keymap...
         Starting Create Volatile Files and Directories...
[[0;32m  OK  [0m] Started Tell Plymouth To Write Out Runtime Data.
[[0;32m  OK  [0m] Started Commit a transient machine-id on disk.
[[0;32m  OK  [0m] Started Create Volatile Files and Directories.
         Starting Update UTMP about System Boot/Shutdown...
[[0;32m  OK  [0m] Started Update UTMP about System Boot/Shutdown.
[[0;32m  OK  [0m] Found device /dev/ttyS0.
[[0;32m  OK  [0m] Listening on Load/Save RF Kill Switch Status /dev/rfkill Watch.
[   14.499753] cloud-init[479]: Cloud-init v. 18.2 running 'init-local' at Mon, 23 Jul 2018 16:40:36 +0000. Up 13.98 seconds.
[[0;32m  OK  [0m] Started LSB: AppArmor initialization.
[[0;32m  OK  [0m] Started Initial cloud-init job (pre-networking).
[[0;32m  OK  [0m] Reached target Network (Pre).
         Starting Raise network interfaces...
[[0;32m  OK  [0m] Started Set console font and keymap.
[[0;32m  OK  [0m] Created slice system-getty.slice.
[[0;32m  OK  [0m] Started Raise network interfaces.
         Starting Initial cloud-init job (metadata service crawler)...
[[0;32m  OK  [0m] Reached target Network.
[   16.457179] cloud-init[961]: Cloud-init v. 18.2 running 'init' at Mon, 23 Jul 2018 16:40:38 +0000. Up 15.72 seconds.
[   16.467181] cloud-init[961]: ci-info: ++++++++++++++++++++++++++++++++++++++Net device info++++++++++++++++++++++++++++++++++++++
[   16.474140] cloud-init[961]: ci-info: +--------+-------+----------------------------+---------------+-------+-------------------+
[   16.482590] cloud-init[961]: ci-info: | Device |   Up  |          Address           |      Mask     | Scope |     Hw-Address    |
[   16.497457] cloud-init[961]: ci-info: +--------+-------+----------------------------+---------------+-------+-------------------+
[   16.509153] cloud-init[961]: ci-info: | enp0s3 |  True |         10.0.2.15          | 255.255.255.0 |   .   | 02:c5:fa:e6:4f:6d |
[   16.541076] cloud-init[961]: ci-info: | enp0s3 |  True | fe80::c5:faff:fee6:4f6d/64 |       .       |  link | 02:c5:fa:e6:4f:6d |
[   16.555548] cloud-init[961]: ci-info: | enp0s8 | False |             .              |       .       |   .   | 08:00:27:82:67:20 |
[   16.592967] cloud-init[961]: ci-info: |   lo   |  True |         127.0.0.1          |   255.0.0.0   |   .   |         .         |
[   16.717620] cloud-init[961]: ci-info: |   lo   |  True |          ::1/128           |       .       |  host |         .         |
[   16.745413] cloud-init[961]: ci-info: +--------+-------+----------------------------+---------------+-------+-------------------+
[   16.746223] cloud-init[961]: ci-info: +++++++++++++++++++++++++++Route IPv4 info++++++++++++++++++++++++++++
[[0;32m  OK  [0m] Started Initial cloud-init job (metadata service crawler).
[   16.749465] cloud-init[961]: ci-info: +-------+-------------+----------+---------------+-----------+-------+
[   16.844745] cloud-init[961]: ci-info: | Route | Destination | Gateway  |    Genmask    | Interface | Flags |
[   16.845464] cloud-init[[961]: [0;32m  OK  [0mci-info: +-------+-------------+----------+---------------+-----------+-------+] 
Reached target Cloud-config availability.
[   16.849571] cloud-init[961]: ci-info: |   0   |   0.0.0.0   | 10.0.2.2 |    0.0.0.0    |   enp0s3  |   UG  |
[   16.902246] cloud-init[961]: ci-info: |   1   |   10.0.2.0  | 0.0.0.0  | 255.255.255.0 |   enp0s3  |   U   |
[   16.906649] cloud-init[961]: ci-info: +-------+-------------+----------+---------------+-----------+-------+[
[0;32m  OK  [0m] Reached target Network is Online.
[   16.908100] cloud-init[961]: Generating public/private rsa key pair.
[   16.985329] cloud-init[961]: Your identification has been saved in /etc/ssh/ssh_host_rsa_key.
[   17.006013] cloud-init[961]: Your public key has been saved in /etc/ssh/ssh_host_rsa_key.pub.
[   17.006684] cloud-init[961]: The key fingerprint is:
         Starting iSCSI initiator daemon (iscsid)...
[[   17.007235] cloud-init[961]: SHA256:NA5kAs+DYal0bwRDz84iRAv/Y0kdqV6a7T3BsTkxcCE root@ubuntu-xenial
[   17.047785] cloud-init[961]: The key's randomart image is:
[   17.049043] cloud-init[961]: +---[RSA 2048]----+
[   17.049759] cloud-init[0;32m  OK  [0m[961]: ] |..=*o E...       |Reached target System Initialization.

[[   17.049822] cloud-init[961]: |o+o*+*oo.        |
[   17.142173] cloud-init[961]: |.++ B+ooo        |
[0;32m  OK  [0m] Listening on ACPID Listen Socket.
[   17.143929] cloud-init[961]: |o  o+=.++.       |
[   17.194369] cloud-init[961]: | . o*B .S*       |
[[0;32m  OK  [0m] Started Daily Cleanup of Temporary Directories.
[   17.195759] cloud-init[961]: |  ..=.. *        |
[   17.266996] cloud-init[961]: |     . . o       |
[   17.273696] cloud-init[961]: |      . o        |
[   17.274627] cloud-init[961]: |         .       |
[   17.275204] cloud-init[961]: +----[SHA256]-----+
[[0;32m  OK  [0m] Started ACPI Events Check.
[[   17.276908] cloud-init[961]: Generating public/private dsa key pair.
[   17.313660] cloud-init[961]: Your identification has been saved in /etc/ssh/ssh_host_dsa_key.
[0;32m  OK  [0m] Reached target Paths.
[   17.315325] cloud-init[961]: Your public key has been saved in /etc/ssh/ssh_host_dsa_key.pub.
         Starting Socket activation for snappy daemon.
         Starting LXD - unix socket.[   17.377649] cloud-init[961]: The key fingerprint is:
[   17.386191] cloud-init[961]: SHA256:YLA3BsxOXoCaaPBSF7JN8nTZv/p9MYtfSJ/KvrDkj/s root@ubuntu-xenial

[[   17.387594] cloud-init[961]: The key's randomart image is:
[   17.399398] cloud-init[961]: +---[DSA 1024]----+
[   17.401673] cloud-init[961]: |  o+Bo.o         |
[   17.402747] cloud-init[961]: |. oO==o .        |
[   17.404896] cloud-init[961]: |o=.=+.*  .       |
[   17.405997] cloud-init[961]: |=.. o+ o  .      |
[   17.408356] cloud-init[961]: |..      S  .  .  |
[   17.409696] cloud-init[961]: |          .  .oo.|
[0;32m  OK  [0m] Started Daily apt download activities.
[   17.414490] cloud-init[961]: |         . o ..=o|
[[0;32m  OK  [0m] Started Daily apt upgrade and clean activities.
[   17.461011] cloud-init[961]: |        . o.* +. |
[[0;32m  OK  [0m] Reached target Timers.
[   17.476594] cloud-init[961]: |         ..=*Eo  |
[   17.500174] cloud-init[961]: +----[SHA256]-----+
[   17.501399] cloud-init[961]: Generating public/private ecdsa key pair.
[[0;32m  OK  [0m] Listening on UUID daemon activation socket.
[   17.503709] cloud-init[961]: Your identification has been saved in /etc/ssh/ssh_host_ecdsa_key.
[   17.522387] cloud-init[961]: Your public key has been saved in /etc/ssh/ssh_host_ecdsa_key.pub.
[[0;32m  OK  [0m] Listening on D-Bus System Message Bus Socket.
[   17.523053] cloud-init[961]: The key fingerprint is:
[   17.574622] cloud-init[961]: SHA256:+Kqa6PoPpL2aPKg0DEf3cRYuPnYlHMJozHyyBP3qCLE root@ubuntu-xenial
[   17.587612] cloud-init[961]: The key's randomart image is:
[   17.589859] cloud-init[961]: +---[ECDSA 256]---+
[   17.592545] cloud-init[961]: |  .* o. o        |
[[0;32m  OK  [0m] Listening on Socket activation for snappy daemon.
[   17.593392] cloud-init[961]: |    X o+ o       |
[[0;32m  OK  [0m] Listening on LXD - unix socket.
[   17.610397] cloud-init[961]: |  .o.=o * .      |
[   17.670589] cloud-init[961]: |.. ..o.* o       |
[[0;32m  OK  [0m] Started iSCSI initiator daemon (iscsid).
[   17.671366] cloud-init[961]: |.oo  .* S        |
[   17.813677] cloud-init[961]: |E=  .. +         |
         Starting Login to default iSCSI targets...
[   17.828699] cloud-init[961]: |o=oo    .        |
[   17.878138] [cloud-init[0;32m  OK  [0m[961]: ] |++o+.  .         |Reached target Sockets.

[   17.879513] [cloud-init[0;32m  OK  [0m[961]: ] |X=*oo..          |Reached target Basic System.

[[0;32m  OK  [0m] Started ACPI event daemon.
[   17.986408] cloud-init[961]: +----[SHA256]-----+
[   18.068990] cloud-init[961]: Generating public/private ed25519 key pair.
[   18.136938] [cloud-init[0;32m  OK  [0m[961]: ] Your identification has been saved in /etc/ssh/ssh_host_ed25519_key.Started D-Bus System Message Bus.

[   18.138807] cloud-init[961]: Your public key has been saved in /etc/ssh/ssh_host_ed25519_key.pub.
[   18.256329]          cloud-initStarting System Logging Service...
[961]: The key fingerprint is:
[   18.267839] cloud-init[961]: SHA256:t61TC/FOJim5K39v1kDllsxuTQorscKvjgdb48w25ZU root@ubuntu-xenial
[   18.279197] cloud-init[961]: The key's randomart image is:
         Starting LSB: Record successful boot for GRUB...
         Starting /etc/rc.local Compatibility...
         Starting Apply the settings specified in cloud-config...
         Starting Login Service...
[[0;32m  OK  [0m] Started Deferred execution scheduler.
[[0;32m  OK  [0m] Started Regular background program processing daemon.
[   18.336527] cloud-init[961]: +--[ED25519 256]--+
[   18.353202] cloud-init[961]: |                 |
[   18.363058] cloud-init[961]: |              .  |
[   18.364336] cloud-init[961]: |             = . |
[   18.367225] cloud-init[961]: |          o o * .|
         Starting Virtualbox guest utils...
[   18.367403] cloud-init[961]: |       .S..B * + |
[   18.382882] cloud-init[961]: |      . B.BoE + .|
         Starting Accounts Service...
[   18.383124] cloud-init[961]: |       B O.X.=   |
[   18.413229] cloud-init[961]: |      o.O =.= .  |
[   18.413881] cloud-init[961]: |      .*==.=.    |
[   18.416521] cloud-init[961]: +----[SHA256]-----+
         Starting LSB: MD monitoring daemon...
[[0;32m  OK  [0m] Started FUSE filesystem for LXC.
         Starting LXD - container startup/shutdown...
[[0;32m  OK  [0m] Started Unattended Upgrades Shutdown.
         Starting Pollinate to seed the pseudo random number generator...
         Starting Snappy daemon...
[[0;32m  OK  [0m] Started System Logging Service.
[[0;32m  OK  [0m] Started /etc/rc.local Compatibility.
[[0;32m  OK  [0m] Started Login to default iSCSI targets.
[[0;32m  OK  [0m] Started LSB: Record successful boot for GRUB.
[[0;32m  OK  [0m] Started LXD - container startup/shutdown.
[[0;32m  OK  [0m] Started LSB: MD monitoring daemon.
[[0;32m  OK  [0m] Started Login Service.
         Starting Authenticate and Authorize Users to Run Privileged Tasks...
[[0;32m  OK  [0m] Reached target Remote File Systems (Pre).
[[0;32m  OK  [0m] Reached target Remote File Systems.
         Starting LSB: Set the CPU Frequency Scaling governor to "ondemand"...
         Starting LSB: automatic crash report generation...
         Starting LSB: daemon to balance interrupts for SMP systems...
         Starting Permit User Sessions...
[[0;32m  OK  [0m] Started Snappy daemon.
[[0;32m  OK  [0m] Started Virtualbox guest utils.
[[0;32m  OK  [0m] Started Pollinate to seed the pseudo random number generator.
[[0;32m  OK  [0m] Started Permit User Sessions.
[[0;32m  OK  [0m] Started Authenticate and Authorize Users to Run Privileged Tasks.
[[0;32m  OK  [0m] Started Accounts Service.
[[0;32m  OK  [0m] Started LSB: Set the CPU Frequency Scaling governor to "ondemand".
         Starting Terminate Plymouth Boot Screen...
         Starting Hold until boot process finishes up...
         Starting OpenBSD Secure Shell server...
         Starting Wait until snapd is fully seeded...
[[0;32m  OK  [0m] Started LSB: automatic crash report generation.
[[0;32m  OK  [0m] Started LSB: daemon to balance interrupts for SMP systems.
[[0;32m  OK  [0m] Started Terminate Plymouth Boot Screen.
[[0;32m  OK  [0m] Started Hold until boot process finishes up.
[[0;32m  OK  [0m] Started OpenBSD Secure Shell server.
[[0;32m  OK  [0m] Started Serial Getty on ttyS0.
[[0;32m  OK  [0m] Started Getty on tty1.
[[0;32m  OK  [0m] Reached target Login Prompts.
         Starting Set console scheme...
[[0;32m  OK  [0m] Started Set console scheme.
[   19.705082] cloud-init[1077]: Generating locales (this might take a while)...
[[0;32m  OK  [0m] Created slice User Slice of vagrant.
[[0;32m  OK  [0m] Started Session 1 of user vagrant.
         Starting User Manager for UID 1000...
[[0;32m  OK  [0m] Started User Manager for UID 1000.
[[0;32m  OK  [0m] Started Wait until snapd is fully seeded.
[[0;32m  OK  [0m] Reached target Multi-User System.
[[0;32m  OK  [0m] Reached target Graphical Interface.
         Starting Update UTMP about System Runlevel Changes...
[[0;32m  OK  [0m] Started Update UTMP about System Runlevel Changes.
[   21.201625] cloud-init[1077]:   en_US.UTF-8... done
[   21.217027] cloud-init[1077]: Generation complete.
[   21.742414] cloud-init[1077]: Cloud-init v. 18.2 running 'modules:config' at Mon, 23 Jul 2018 16:40:41 +0000. Up 19.41 seconds.
[[0;32m  OK  [0m] Started Apply the settings specified in cloud-config.
         Starting Execute cloud user/final scripts...
         Stopping User Manager for UID 1000...
[[0;32m  OK  [0m] Stopped User Manager for UID 1000.
[[0;32m  OK  [0m] Removed slice User Slice of vagrant.
ci-info: no authorized ssh keys fingerprints found for user ubuntu.
<14>Jul 23 16:40:44 ec2: 
<14>Jul 23 16:40:44 ec2: #############################################################
<14>Jul 23 16:40:44 ec2: -----BEGIN SSH HOST KEY FINGERPRINTS-----
<14>Jul 23 16:40:44 ec2: 1024 SHA256:YLA3BsxOXoCaaPBSF7JN8nTZv/p9MYtfSJ/KvrDkj/s root@ubuntu-xenial (DSA)
<14>Jul 23 16:40:44 ec2: 256 SHA256:+Kqa6PoPpL2aPKg0DEf3cRYuPnYlHMJozHyyBP3qCLE root@ubuntu-xenial (ECDSA)
<14>Jul 23 16:40:44 ec2: 256 SHA256:t61TC/FOJim5K39v1kDllsxuTQorscKvjgdb48w25ZU root@ubuntu-xenial (ED25519)
<14>Jul 23 16:40:44 ec2: 2048 SHA256:NA5kAs+DYal0bwRDz84iRAv/Y0kdqV6a7T3BsTkxcCE root@ubuntu-xenial (RSA)
<14>Jul 23 16:40:44 ec2: -----END SSH HOST KEY FINGERPRINTS-----
<14>Jul 23 16:40:44 ec2: #############################################################
-----BEGIN SSH HOST KEY KEYS-----
ecdsa-sha2-nistp256 AAAAE2VjZHNhLXNoYTItbmlzdHAyNTYAAAAIbmlzdHAyNTYAAABBBGXrUVJOCUB5AaJoS3ci+v7PYto6R2OUR77dtD2oDnCl8b8B+EpmrY/f1suNa7NDWaGenAB8M1mKKm3usk+9OqA= root@ubuntu-xenial
ssh-ed25519 AAAAC3NzaC1lZDI1NTE5AAAAIJKWblR/Aoe2BtEFd+vtYaPFMT1JLl/pzKX64AhQDTP8 root@ubuntu-xenial
ssh-rsa AAAAB3NzaC1yc2EAAAADAQABAAABAQCrbMio9fP0MnaMZJBwTXC9DnN6Eg6yzsjigv77mJGlDAVKeh66Ao+h8iEoNImkNdv4ISwUuc+RdL1e8WtAwVQJ+UHMI3jARC71rDVEFgKwuLD2CzqfOYDkQXdF0KdbbuK8D7sUV+AgimEEkNRnO86g+pZ6efiTTK3EIsVnqv9EiC83kFcON1R0DnDUGUfs/0ksAHvRnTfvTS6gE7ibn46ult9+PY3PnG1jKTVT+IyQu90ECXL8pGkXU4A899SjAcI41xB86uPPC2lmvgDhkqBicfwsPdVEBJM2OwVEMUFL2XA2oG3vCtBqx5Wix3DpP77kTF6n88zt3zQRJRktIuI7 root@ubuntu-xenial
-----END SSH HOST KEY KEYS-----
[[0;32m  OK  [0m] Created slice User Slice of vagrant.
[   22.689150] cloud-init[1477]: Cloud-init v. 18.2 running 'modules:final' at Mon, 23 Jul 2018 16:40:44 +0000. Up 22.20 seconds.
         Starting User Manager for UID 1000...[   22.702942] cloud-init[1477]: ci-info: no authorized ssh keys fingerprints found for user ubuntu.
[   22.707594] 
cloud-init[1477]: [[0;32m  OK  [0m] Started Session 2 of user vagrant.
Cloud-init v. 18.2 finished at Mon, 23 Jul 2018 16:40:44 +0000. Datasource DataSourceNoCloud [seed=/dev/sdb][dsmode=net].  Up 22.67 seconds
[[0;32m  OK  [0m] Started User Manager for UID 1000.
[[0;32m  OK  [0m] Started Execute cloud user/final scripts.
[[0;32m  OK  [0m] Reached target Cloud-init target.

Ubuntu 16.04.4 LTS ubuntu-xenial ttyS0

ubuntu-xenial login: 